0 info it worked if it ends with ok
1 verbose cli [ '/usr/local/Cellar/node/0.10.24/bin/node',
1 verbose cli   '/usr/local/bin/npm',
1 verbose cli   'publish' ]
2 info using npm@1.3.21
3 info using node@v0.10.24
4 verbose publish [ '.' ]
5 verbose cache add [ '.', null ]
6 verbose cache add name=undefined spec="." args=[".",null]
7 verbose parsed url { protocol: null,
7 verbose parsed url   slashes: null,
7 verbose parsed url   auth: null,
7 verbose parsed url   host: null,
7 verbose parsed url   port: null,
7 verbose parsed url   hostname: null,
7 verbose parsed url   hash: null,
7 verbose parsed url   search: null,
7 verbose parsed url   query: null,
7 verbose parsed url   pathname: '.',
7 verbose parsed url   path: '.',
7 verbose parsed url   href: '.' }
8 silly lockFile 3a52ce78- .
9 verbose lock . /Users/keeyip/.npm/3a52ce78-.lock
10 verbose tar pack [ '/var/folders/bc/2fg50fyx6xn29fy441fh45_40000gn/T/npm-46710-KYgTAts6/1412120090752-0.8089464297518134/tmp.tgz',
10 verbose tar pack   '.' ]
11 verbose tarball /var/folders/bc/2fg50fyx6xn29fy441fh45_40000gn/T/npm-46710-KYgTAts6/1412120090752-0.8089464297518134/tmp.tgz
12 verbose folder .
13 info prepublish esquery@0.3.1
14 silly lockFile 1f1177db-tar tar://.
15 verbose lock tar://. /Users/keeyip/.npm/1f1177db-tar.lock
16 silly lockFile 6a38b840-90752-0-8089464297518134-tmp-tgz tar:///var/folders/bc/2fg50fyx6xn29fy441fh45_40000gn/T/npm-46710-KYgTAts6/1412120090752-0.8089464297518134/tmp.tgz
17 verbose lock tar:///var/folders/bc/2fg50fyx6xn29fy441fh45_40000gn/T/npm-46710-KYgTAts6/1412120090752-0.8089464297518134/tmp.tgz /Users/keeyip/.npm/6a38b840-90752-0-8089464297518134-tmp-tgz.lock
18 silly lockFile 1f1177db-tar tar://.
19 silly lockFile 1f1177db-tar tar://.
20 silly lockFile 6a38b840-90752-0-8089464297518134-tmp-tgz tar:///var/folders/bc/2fg50fyx6xn29fy441fh45_40000gn/T/npm-46710-KYgTAts6/1412120090752-0.8089464297518134/tmp.tgz
21 silly lockFile 6a38b840-90752-0-8089464297518134-tmp-tgz tar:///var/folders/bc/2fg50fyx6xn29fy441fh45_40000gn/T/npm-46710-KYgTAts6/1412120090752-0.8089464297518134/tmp.tgz
22 verbose tar unpack /var/folders/bc/2fg50fyx6xn29fy441fh45_40000gn/T/npm-46710-KYgTAts6/1412120090752-0.8089464297518134/tmp.tgz
23 silly lockFile 0425c212-90752-0-8089464297518134-package tar:///var/folders/bc/2fg50fyx6xn29fy441fh45_40000gn/T/npm-46710-KYgTAts6/1412120090752-0.8089464297518134/package
24 verbose lock tar:///var/folders/bc/2fg50fyx6xn29fy441fh45_40000gn/T/npm-46710-KYgTAts6/1412120090752-0.8089464297518134/package /Users/keeyip/.npm/0425c212-90752-0-8089464297518134-package.lock
25 silly lockFile 6a38b840-90752-0-8089464297518134-tmp-tgz tar:///var/folders/bc/2fg50fyx6xn29fy441fh45_40000gn/T/npm-46710-KYgTAts6/1412120090752-0.8089464297518134/tmp.tgz
26 verbose lock tar:///var/folders/bc/2fg50fyx6xn29fy441fh45_40000gn/T/npm-46710-KYgTAts6/1412120090752-0.8089464297518134/tmp.tgz /Users/keeyip/.npm/6a38b840-90752-0-8089464297518134-tmp-tgz.lock
27 silly gunzTarPerm modes [ '755', '644' ]
28 silly gunzTarPerm extractEntry package.json
29 silly gunzTarPerm extractEntry README.md
30 silly gunzTarPerm extractEntry esquery.js
31 silly gunzTarPerm extractEntry parser.js
32 silly gunzTarPerm extractEntry license.txt
33 silly lockFile 0425c212-90752-0-8089464297518134-package tar:///var/folders/bc/2fg50fyx6xn29fy441fh45_40000gn/T/npm-46710-KYgTAts6/1412120090752-0.8089464297518134/package
34 silly lockFile 0425c212-90752-0-8089464297518134-package tar:///var/folders/bc/2fg50fyx6xn29fy441fh45_40000gn/T/npm-46710-KYgTAts6/1412120090752-0.8089464297518134/package
35 silly lockFile 6a38b840-90752-0-8089464297518134-tmp-tgz tar:///var/folders/bc/2fg50fyx6xn29fy441fh45_40000gn/T/npm-46710-KYgTAts6/1412120090752-0.8089464297518134/tmp.tgz
36 silly lockFile 6a38b840-90752-0-8089464297518134-tmp-tgz tar:///var/folders/bc/2fg50fyx6xn29fy441fh45_40000gn/T/npm-46710-KYgTAts6/1412120090752-0.8089464297518134/tmp.tgz
37 verbose tar pack [ '/Users/keeyip/.npm/esquery/0.3.1/package.tgz',
37 verbose tar pack   '/var/folders/bc/2fg50fyx6xn29fy441fh45_40000gn/T/npm-46710-KYgTAts6/1412120090752-0.8089464297518134/package' ]
38 verbose tarball /Users/keeyip/.npm/esquery/0.3.1/package.tgz
39 verbose folder /var/folders/bc/2fg50fyx6xn29fy441fh45_40000gn/T/npm-46710-KYgTAts6/1412120090752-0.8089464297518134/package
40 silly lockFile 0425c212-90752-0-8089464297518134-package tar:///var/folders/bc/2fg50fyx6xn29fy441fh45_40000gn/T/npm-46710-KYgTAts6/1412120090752-0.8089464297518134/package
41 verbose lock tar:///var/folders/bc/2fg50fyx6xn29fy441fh45_40000gn/T/npm-46710-KYgTAts6/1412120090752-0.8089464297518134/package /Users/keeyip/.npm/0425c212-90752-0-8089464297518134-package.lock
42 silly lockFile 4db487be-ip-npm-esquery-0-3-1-package-tgz tar:///Users/keeyip/.npm/esquery/0.3.1/package.tgz
43 verbose lock tar:///Users/keeyip/.npm/esquery/0.3.1/package.tgz /Users/keeyip/.npm/4db487be-ip-npm-esquery-0-3-1-package-tgz.lock
44 silly lockFile 0425c212-90752-0-8089464297518134-package tar:///var/folders/bc/2fg50fyx6xn29fy441fh45_40000gn/T/npm-46710-KYgTAts6/1412120090752-0.8089464297518134/package
45 silly lockFile 0425c212-90752-0-8089464297518134-package tar:///var/folders/bc/2fg50fyx6xn29fy441fh45_40000gn/T/npm-46710-KYgTAts6/1412120090752-0.8089464297518134/package
46 silly lockFile 4db487be-ip-npm-esquery-0-3-1-package-tgz tar:///Users/keeyip/.npm/esquery/0.3.1/package.tgz
47 silly lockFile 4db487be-ip-npm-esquery-0-3-1-package-tgz tar:///Users/keeyip/.npm/esquery/0.3.1/package.tgz
48 silly lockFile 0aa8a90e-keeyip-npm-esquery-0-3-1-package /Users/keeyip/.npm/esquery/0.3.1/package
49 verbose lock /Users/keeyip/.npm/esquery/0.3.1/package /Users/keeyip/.npm/0aa8a90e-keeyip-npm-esquery-0-3-1-package.lock
50 silly lockFile 0aa8a90e-keeyip-npm-esquery-0-3-1-package /Users/keeyip/.npm/esquery/0.3.1/package
51 silly lockFile 0aa8a90e-keeyip-npm-esquery-0-3-1-package /Users/keeyip/.npm/esquery/0.3.1/package
52 verbose tar unpack /Users/keeyip/.npm/esquery/0.3.1/package.tgz
53 silly lockFile e9219d78-keeyip-npm-esquery-0-3-1-package tar:///Users/keeyip/.npm/esquery/0.3.1/package
54 verbose lock tar:///Users/keeyip/.npm/esquery/0.3.1/package /Users/keeyip/.npm/e9219d78-keeyip-npm-esquery-0-3-1-package.lock
55 silly lockFile 4db487be-ip-npm-esquery-0-3-1-package-tgz tar:///Users/keeyip/.npm/esquery/0.3.1/package.tgz
56 verbose lock tar:///Users/keeyip/.npm/esquery/0.3.1/package.tgz /Users/keeyip/.npm/4db487be-ip-npm-esquery-0-3-1-package-tgz.lock
57 silly gunzTarPerm modes [ '755', '644' ]
58 silly gunzTarPerm extractEntry package.json
59 silly gunzTarPerm extractEntry README.md
60 silly gunzTarPerm extractEntry esquery.js
61 silly gunzTarPerm extractEntry parser.js
62 silly gunzTarPerm extractEntry license.txt
63 silly lockFile e9219d78-keeyip-npm-esquery-0-3-1-package tar:///Users/keeyip/.npm/esquery/0.3.1/package
64 silly lockFile e9219d78-keeyip-npm-esquery-0-3-1-package tar:///Users/keeyip/.npm/esquery/0.3.1/package
65 silly lockFile 4db487be-ip-npm-esquery-0-3-1-package-tgz tar:///Users/keeyip/.npm/esquery/0.3.1/package.tgz
66 silly lockFile 4db487be-ip-npm-esquery-0-3-1-package-tgz tar:///Users/keeyip/.npm/esquery/0.3.1/package.tgz
67 verbose chmod /Users/keeyip/.npm/esquery/0.3.1/package.tgz 644
68 verbose chown /Users/keeyip/.npm/esquery/0.3.1/package.tgz [ 501, 20 ]
69 silly lockFile 3a52ce78- .
70 silly lockFile 3a52ce78- .
71 silly publish { name: 'esquery',
71 silly publish   preferGlobal: false,
71 silly publish   version: '0.3.1',
71 silly publish   author: { name: 'Kee-Yip Chan', email: 'keeyipchan@gmail.com' },
71 silly publish   description: 'A query library for ECMAScript AST using a CSS selector like query language.',
71 silly publish   main: 'esquery.js',
71 silly publish   files: [ 'esquery.js', 'parser.js', 'license.txt', 'README.md' ],
71 silly publish   scripts: { test: 'node node_modules/jstestr/bin/jstestr.js path=tests' },
71 silly publish   repository: { type: 'git', url: 'https://github.com/keeyip/esquery.git' },
71 silly publish   keywords: [ 'ast', 'ecmascript', 'javascript', 'query' ],
71 silly publish   devDependencies:
71 silly publish    { jstestr: '>=0.4',
71 silly publish      pegjs: '~0.7.0',
71 silly publish      'commonjs-everywhere': '~0.9.4',
71 silly publish      esprima: '~1.1.1' },
71 silly publish   license: 'BSD',
71 silly publish   engines: { node: '>=0.6' },
71 silly publish   dependencies: { estraverse: '~1.4.0' },
71 silly publish   readme: 'Forked Additions:\n* mustache selector for custom matchers, `query(\'{dosomething arg0 arg1 arg2}\')` calls `query.matchMustache(node, selector, ancestry)::boolean`, \n\nESQuery is a library for querying the AST output by Esprima for patterns of syntax using a CSS style selector system. Check out the demo:\n\n[demo](http://jrfeenst.github.io/esquery/)\n\nThe following selectors are supported:\n* AST node type: `ForStatement`\n* [wildcard](http://dev.w3.org/csswg/selectors4/#universal-selector): `*`\n* [attribute existence](http://dev.w3.org/csswg/selectors4/#attribute-selectors): `[attr]`\n* [attribute value](http://dev.w3.org/csswg/selectors4/#attribute-selectors): `[attr="foo"]` or `[attr=123]`\n* attribute regex: `[attr=/foo.*/]`\n* attribute conditons: `[attr!="foo"]`, `[attr>2]`, `[attr<3]`, `[attr>=2]`, or `[attr<=3]` \n* nested attribute: `[attr.level2="foo"]`\n* field: `FunctionDeclaration > Identifier.id`\n* [First](http://dev.w3.org/csswg/selectors4/#the-first-child-pseudo) or [last](http://dev.w3.org/csswg/selectors4/#the-last-child-pseudo) child: `:first-child` or `:last-child`\n* [nth-child](http://dev.w3.org/csswg/selectors4/#the-nth-child-pseudo) (no ax+b support): `:nth-child(2)`\n* [nth-last-child](http://dev.w3.org/csswg/selectors4/#the-nth-last-child-pseudo) (no ax+b support): `:nth-last-child(1)`\n* [descendant](http://dev.w3.org/csswg/selectors4/#descendant-combinators): `ancestor descendant`\n* [child](http://dev.w3.org/csswg/selectors4/#child-combinators): `parent > child`\n* [following sibling](http://dev.w3.org/csswg/selectors4/#general-sibling-combinators): `node ~ sibling`\n* [adjacent sibling](http://dev.w3.org/csswg/selectors4/#adjacent-sibling-combinators): `node + adjacent`\n* [negation](http://dev.w3.org/csswg/selectors4/#negation-pseudo): `:not(ForStatement)`\n* [matches-any](http://dev.w3.org/csswg/selectors4/#matches): `:matches([attr] > :first-child, :last-child)`\n* [subject indicator](http://dev.w3.org/csswg/selectors4/#subject): `!IfStatement > [name="foo"]`\n* class of AST node: `:statement`, `:expression`, `:declaration`, `:function`, or `:pattern`\n\n[![Build Status](https://travis-ci.org/jrfeenst/esquery.png?branch=master)](https://travis-ci.org/jrfeenst/esquery)\n',
71 silly publish   readmeFilename: 'README.md',
71 silly publish   bugs: { url: 'https://github.com/keeyip/esquery/issues' },
71 silly publish   homepage: 'https://github.com/keeyip/esquery',
71 silly publish   _id: 'esquery@0.3.1',
71 silly publish   dist: { shasum: 'c43d0f3f59b5bfadcc52950af1ef6cfbc2765798' },
71 silly publish   _from: '.' }
72 verbose url raw esquery
73 verbose url resolving [ 'https://registry.npmjs.org/', './esquery' ]
74 verbose url resolved https://registry.npmjs.org/esquery
75 info trying registry request attempt 1 at 16:34:50
76 http PUT https://registry.npmjs.org/esquery
77 http 403 https://registry.npmjs.org/esquery
78 info trying registry request attempt 1 at 16:34:51
79 http PUT https://registry.npmjs.org/esquery
80 http 403 https://registry.npmjs.org/esquery
81 error publish Failed PUT 403
82 error Error: forbidden user: keeyip not authorized to modify esquery
82 error Changed: dist-tags.latest "0.3.0" -> "0.3.1"
82 error Added: versions.0.3.1
82 error Changed: readme "ESQuery is a library for querying the AST output by Esprima for patterns of syntax using a CSS style selector system. Check out the demo:\u000a\u000a[demo](http://jrfeenst.github.io/esquery/demo.html)\u000a\u000aThe following selectors are supported:\u000a* AST node type: `ForStatement`\u000a* Wildcard: `*`\u000a* Node attribute existence: `[attr]`\u000a* Node attribute value: `[attr=\"foo\"]` or `[attr=123]`\u000a* Node attribute regex: `[attr=/foo.*/]`\u000a* Node attribute conditons: `[attr!=\"foo\"]`, `[attr>2]`, `[attr<3]`, `[attr>=2]`, or `[attr<=3]` \u000a* Nested node attribute: `[attr.level2=\"foo\"]`\u000a* First or last child: `:first-child` or `:last-child`\u000a* nth-child from beginning (1 based index, no ax+b support): `:nth-child(2)`\u000a* nth-last-child from end (1 based index, no ax+b support): `:nth-last-child(1)`\u000a* descendant: `ancestor descendant`\u000a* child: `parent > child`\u000a* sibling: `node ~ sibling`\u000a* adjacent: `node + adjacent`\u000a* Negation: `:not(ForStatement)`\u000a* Matches any pseudo selector: `:matches([attr] > :first-child, :last-child)`\u000a* Selector subject (like css4, postfix only): `IfStatement! > [name=\"foo\"]`\u000a\u000a[![Build Status](https://travis-ci.org/jrfeenst/esquery.png?branch=master)](https://travis-ci.org/jrfeenst/esquery)" -> "Forked Additions:\u000a* mustache selector for custom matchers, `query('{dosomething arg0 arg1 arg2}')` calls `query.matchMustache(node, selector, ancestry)::boolean`, \u000a\u000aESQuery is a library for querying the AST output by Esprima for patterns of syntax using a CSS style selector system. Check out the demo:\u000a\u000a[demo](http://jrfeenst.github.io/esquery/)\u000a\u000aThe following selectors are supported:\u000a* AST node type: `ForStatement`\u000a* [wildcard](http://dev.w3.org/csswg/selectors4/#universal-selector): `*`\u000a* [attribute existence](http://dev.w3.org/csswg/selectors4/#attribute-selectors): `[attr]`\u000a* [attribute value](http://dev.w3.org/csswg/selectors4/#attribute-selectors): `[attr=\"foo\"]` or `[attr=123]`\u000a* attribute regex: `[attr=/foo.*/]`\u000a* attribute conditons: `[attr!=\"foo\"]`, `[attr>2]`, `[attr<3]`, `[attr>=2]`, or `[attr<=3]` \u000a* nested attribute: `[attr.level2=\"foo\"]`\u000a* field: `FunctionDeclaration > Identifier.id`\u000a* [First](http://dev.w3.org/csswg/selectors4/#the-first-child-pseudo) or [last](http://dev.w3.org/csswg/selectors4/#the-last-child-pseudo) child: `:first-child` or `:last-child`\u000a* [nth-child](http://dev.w3.org/csswg/selectors4/#the-nth-child-pseudo) (no ax+b support): `:nth-child(2)`\u000a* [nth-last-child](http://dev.w3.org/csswg/selectors4/#the-nth-last-child-pseudo) (no ax+b support): `:nth-last-child(1)`\u000a* [descendant](http://dev.w3.org/csswg/selectors4/#descendant-combinators): `ancestor descendant`\u000a* [child](http://dev.w3.org/csswg/selectors4/#child-combinators): `parent > child`\u000a* [following sibling](http://dev.w3.org/csswg/selectors4/#general-sibling-combinators): `node ~ sibling`\u000a* [adjacent sibling](http://dev.w3.org/csswg/selectors4/#adjacent-sibling-combinators): `node + adjacent`\u000a* [negation](http://dev.w3.org/csswg/selectors4/#negation-pseudo): `:not(ForStatement)`\u000a* [matches-any](http://dev.w3.org/csswg/selectors4/#matches): `:matches([attr] > :first-child, :last-child)`\u000a* [subject indicator](http://dev.w3.org/csswg/selectors4/#subject): `!IfStatement > [name=\"foo\"]`\u000a* class of AST node: `:statement`, `:expression`, `:declaration`, `:function`, or `:pattern`\u000a\u000a[![Build Status](https://travis-ci.org/jrfeenst/esquery.png?branch=master)](https://travis-ci.org/jrfeenst/esquery)\u000a"
82 error Changed: time.modified "2013-11-04T23:31:50.965Z" -> "2014-09-30T23:35:05.226Z"
82 error Added: time.0.3.1
82 error Changed: author.name "Joel Feenstra" -> "Kee-Yip Chan"
82 error Changed: author.email "jrfeenst+esquery@gmail.com" -> "keeyipchan@gmail.com"
82 error Changed: repository.url "https://github.com/jrfeenst/esquery.git" -> "https://github.com/keeyip/esquery.git"
82 error Added: homepage
82 error Added: bugs
82 error Added: _attachments: esquery
82 error     at RegClient.<anonymous> (/usr/local/Cellar/node/0.10.24/lib/node_modules/npm/node_modules/npm-registry-client/lib/request.js:275:14)
82 error     at Request.self.callback (/usr/local/Cellar/node/0.10.24/lib/node_modules/npm/node_modules/request/request.js:123:22)
82 error     at Request.EventEmitter.emit (events.js:98:17)
82 error     at Request.<anonymous> (/usr/local/Cellar/node/0.10.24/lib/node_modules/npm/node_modules/request/request.js:893:14)
82 error     at Request.EventEmitter.emit (events.js:117:20)
82 error     at IncomingMessage.<anonymous> (/usr/local/Cellar/node/0.10.24/lib/node_modules/npm/node_modules/request/request.js:844:12)
82 error     at IncomingMessage.EventEmitter.emit (events.js:117:20)
82 error     at _stream_readable.js:920:16
82 error     at process._tickCallback (node.js:415:13)
83 error If you need help, you may report this *entire* log,
83 error including the npm and node versions, at:
83 error     <http://github.com/isaacs/npm/issues>
84 error System Darwin 13.1.0
85 error command "/usr/local/Cellar/node/0.10.24/bin/node" "/usr/local/bin/npm" "publish"
86 error cwd /Users/keeyip/keeyip-esquery
87 error node -v v0.10.24
88 error npm -v 1.3.21
89 verbose exit [ 1, true ]
